<?xml version="1.0" encoding="UTF-8"?>
<testsuite name="HandshakeCalculatorTest" tests="12" skipped="0" failures="0" errors="0" timestamp="2022-12-05T13:51:18" hostname="DESKTOP-1J8NI5S" time="0.079">
  <properties/>
  <testcase name="testReversingASingleActionYieldsTheSameAction" classname="HandshakeCalculatorTest" time="0.05"/>
  <testcase name="testThatInput1YieldsAWink" classname="HandshakeCalculatorTest" time="0.001"/>
  <testcase name="testReversingNoActionsYieldsNoActions" classname="HandshakeCalculatorTest" time="0.001"/>
  <testcase name="testThatInput8YieldsAJump" classname="HandshakeCalculatorTest" time="0.0"/>
  <testcase name="testThatInput4YieldsACloseYourEyes" classname="HandshakeCalculatorTest" time="0.0"/>
  <testcase name="testInputThatYieldsAllActions" classname="HandshakeCalculatorTest" time="0.022"/>
  <testcase name="testThatInput2YieldsADoubleBlink" classname="HandshakeCalculatorTest" time="0.0"/>
  <testcase name="testInputThatYieldsAllActionsReversed" classname="HandshakeCalculatorTest" time="0.002"/>
  <testcase name="testAnInputThatYieldsTwoReversedActions" classname="HandshakeCalculatorTest" time="0.0"/>
  <testcase name="testAnInputThatYieldsTwoActions" classname="HandshakeCalculatorTest" time="0.0"/>
  <testcase name="testThatInputWithLower5BitsNotSetYieldsNoActions" classname="HandshakeCalculatorTest" time="0.001"/>
  <testcase name="testThatInput0YieldsNoActions" classname="HandshakeCalculatorTest" time="0.0"/>
  <system-out><![CDATA[]]></system-out>
  <system-err><![CDATA[]]></system-err>
</testsuite>
