<?xml version="1.0" encoding="UTF-8"?>
<testsuite name="MatrixTest" tests="8" skipped="0" failures="0" errors="0" timestamp="2022-12-04T12:13:59" hostname="DESKTOP-1J8NI5S" time="0.093">
  <properties/>
  <testcase name="extract row from one number matrix" classname="MatrixTest" time="0.04"/>
  <testcase name="extract column from one number matrix" classname="MatrixTest" time="0.0"/>
  <testcase name="extract row from matrix" classname="MatrixTest" time="0.019"/>
  <testcase name="extract row from non square matrix" classname="MatrixTest" time="0.0"/>
  <testcase name="extract column from non square matrix" classname="MatrixTest" time="0.0"/>
  <testcase name="extract column matrix" classname="MatrixTest" time="0.001"/>
  <testcase name="extract row from diff widths matrix" classname="MatrixTest" time="0.002"/>
  <testcase name="extract column from diff widths matrix" classname="MatrixTest" time="0.029"/>
  <system-out><![CDATA[]]></system-out>
  <system-err><![CDATA[]]></system-err>
</testsuite>
